<?xml version="1.0" encoding="UTF-8"?>
<testng-results skipped="0" failed="0" ignored="0" total="1" passed="1">
  <reporter-output>
  </reporter-output>
  <suite name="Suite" duration-ms="27029" started-at="2018-09-02T18:38:14Z" finished-at="2018-09-02T18:38:41Z">
    <groups>
    </groups>
    <test name="Test" duration-ms="27029" started-at="2018-09-02T18:38:14Z" finished-at="2018-09-02T18:38:41Z">
      <class name="com.testmaven.facebook_Selenium.facebook">
        <test-method status="PASS" signature="chrometest()[pri:0, instance:com.testmaven.facebook_Selenium.facebook@61832929]" name="chrometest" duration-ms="26983" started-at="2018-09-02T18:38:14Z" finished-at="2018-09-02T18:38:41Z">
          <reporter-output>
          </reporter-output>
        </test-method> <!-- chrometest -->
      </class> <!-- com.testmaven.facebook_Selenium.facebook -->
    </test> <!-- Test -->
  </suite> <!-- Suite -->
</testng-results>
